<?xml version="1.0" encoding="UTF-8"?>
<!-- Generated by org.testng.reporters.JUnitReportReporter -->
<testsuite hostname="Kalyanis-MacBook-Air.local" failures="0" tests="4" name="test.AlertPageTest" time="14.653" errors="0" timestamp="2024-04-21T09:42:36 IST" skipped="0">
  <testcase classname="test.AlertPageTest" name="verifyConfirmationAlertTest" time="2.582"/>
  <system-out/>
  <testcase classname="test.AlertPageTest" name="verifyInputAlertTest" time="2.316"/>
  <system-out/>
  <testcase classname="test.AlertPageTest" name="verifyDelayedAlertTest" time="7.348"/>
  <system-out/>
  <testcase classname="test.AlertPageTest" name="verifyHelloWorldAlertTest" time="2.407"/>
  <system-out/>
</testsuite> <!-- test.AlertPageTest -->
