<?xml version="1.0" encoding="UTF-8"?>
<!-- Generated by org.testng.reporters.JUnitReportReporter -->
<testsuite hostname="Kalyanis-MacBook-Air.local" failures="0" tests="2" name="test.ModalDialogsTest" time="5.848" errors="0" timestamp="2024-04-21T09:42:36 IST" skipped="0">
  <testcase classname="test.ModalDialogsTest" name="verifyLargeModalTest" time="3.010"/>
  <system-out/>
  <testcase classname="test.ModalDialogsTest" name="verifySmallModalTest" time="2.838"/>
  <system-out/>
</testsuite> <!-- test.ModalDialogsTest -->
