<?xml version="1.0" encoding="UTF-8"?>
<!-- Generated by org.testng.reporters.JUnitReportReporter -->
<testsuite hostname="Kalyanis-MacBook-Air.local" failures="0" tests="2" name="test.RegisterTest" time="4.791" errors="0" timestamp="2024-04-20T21:25:39 IST" skipped="0">
  <testcase classname="test.RegisterTest" name="registerFormTest" time="2.375"/>
  <system-out/>
  <testcase classname="test.RegisterTest" name="verifyBackToLoginBtnTest" time="2.416"/>
  <system-out/>
</testsuite> <!-- test.RegisterTest -->
