<?xml version="1.0" encoding="UTF-8"?>
<!-- Generated by org.testng.reporters.JUnitReportReporter -->
<testsuite hostname="Kalyanis-MacBook-Air.local" failures="0" tests="2" name="test.LoginTest" time="5.855" errors="0" timestamp="2024-04-21T09:42:36 IST" skipped="0">
  <testcase classname="test.LoginTest" name="verifyNewUserBtnTest" time="2.868"/>
  <system-out/>
  <testcase classname="test.LoginTest" name="LoginTest" time="2.987"/>
  <system-out/>
</testsuite> <!-- test.LoginTest -->
