<?xml version="1.0" encoding="UTF-8"?>
<!-- Generated by org.testng.reporters.JUnitReportReporter -->
<testsuite hostname="Kalyanis-MacBook-Air.local" failures="0" tests="1" name="test.PracticeFormTest" time="3.248" errors="0" timestamp="2024-04-21T13:40:50 IST" skipped="0">
  <testcase classname="test.PracticeFormTest" name="verifyLoginBtnTest" time="3.248"/>
  <system-out>
    <![CDATA[Login button is not clickable]]>
  </system-out>
</testsuite> <!-- test.PracticeFormTest -->
