<?xml version="1.0" encoding="UTF-8"?>
<!-- Generated by org.testng.reporters.JUnitReportReporter -->
<testsuite hostname="Kalyanis-MacBook-Air.local" failures="0" tests="4" name="test.AlertPageTest" time="14.894" errors="0" timestamp="2024-04-20T21:25:39 IST" skipped="0">
  <testcase classname="test.AlertPageTest" name="verifyHelloWorldAlertTest" time="2.758"/>
  <system-out/>
  <testcase classname="test.AlertPageTest" name="verifyDelayedAlertTest" time="7.120"/>
  <system-out/>
  <testcase classname="test.AlertPageTest" name="verifyInputAlertTest" time="2.329"/>
  <system-out/>
  <testcase classname="test.AlertPageTest" name="verifyConfirmationAlertTest" time="2.687"/>
  <system-out/>
</testsuite> <!-- test.AlertPageTest -->
