<?xml version="1.0" encoding="UTF-8"?>
<!-- Generated by org.testng.reporters.JUnitReportReporter -->
<testsuite hostname="Kalyanis-MacBook-Air.local" failures="0" tests="2" name="test.FramesTest" time="5.064" errors="0" timestamp="2024-04-20T21:25:39 IST" skipped="0">
  <testcase classname="test.FramesTest" name="verifyIFrame2Test" time="2.245"/>
  <system-out/>
  <testcase classname="test.FramesTest" name="verifyIFrame1Test" time="2.819"/>
  <system-out/>
</testsuite> <!-- test.FramesTest -->
