<?xml version="1.0" encoding="UTF-8"?>
<!-- Generated by org.testng.reporters.JUnitReportReporter -->
<testsuite hostname="Kalyanis-MacBook-Air.local" failures="0" tests="3" name="test.BrowserWindowTest" time="10.342" errors="0" timestamp="2024-04-21T09:42:36 IST" skipped="0">
  <testcase classname="test.BrowserWindowTest" name="VerifyNewWindowBtnTest" time="3.363"/>
  <system-out/>
  <testcase classname="test.BrowserWindowTest" name="verifyNewTabBtnTest" time="4.167"/>
  <system-out/>
  <testcase classname="test.BrowserWindowTest" name="verifyNewWinMessageBtnTest" time="2.812"/>
  <system-out/>
</testsuite> <!-- test.BrowserWindowTest -->
