<?xml version="1.0" encoding="UTF-8"?>
<!-- Generated by org.testng.reporters.JUnitReportReporter -->
<testsuite hostname="Kalyanis-MacBook-Air.local" failures="0" tests="1" name="test.PracticeFormTest" time="1.946" errors="0" timestamp="2024-04-20T21:25:39 IST" skipped="0">
  <testcase classname="test.PracticeFormTest" name="studentRegistrationFormTest" time="1.946"/>
  <system-out/>
</testsuite> <!-- test.PracticeFormTest -->
