<?xml version="1.0" encoding="UTF-8"?>
<!-- Generated by org.testng.reporters.JUnitReportReporter -->
<testsuite hostname="Kalyanis-MacBook-Air.local" failures="0" tests="2" name="test.FramesTest" time="5.615" errors="0" timestamp="2024-04-21T09:42:36 IST" skipped="0">
  <testcase classname="test.FramesTest" name="verifyIFrame1Test" time="3.119"/>
  <system-out/>
  <testcase classname="test.FramesTest" name="verifyIFrame2Test" time="2.496"/>
  <system-out/>
</testsuite> <!-- test.FramesTest -->
