<?xml version="1.0" encoding="UTF-8"?>
<!-- Generated by org.testng.reporters.JUnitReportReporter -->
<testsuite hostname="Kalyanis-MacBook-Air.local" failures="0" tests="3" name="test.BrowserWindowTest" time="9.629" errors="0" timestamp="2024-04-20T21:25:39 IST" skipped="0">
  <testcase classname="test.BrowserWindowTest" name="verifyNewWinMessageBtnTest" time="3.069"/>
  <system-out/>
  <testcase classname="test.BrowserWindowTest" name="verifyNewTabBtnTest" time="2.962"/>
  <system-out/>
  <testcase classname="test.BrowserWindowTest" name="VerifyNewWindowBtnTest" time="3.598"/>
  <system-out/>
</testsuite> <!-- test.BrowserWindowTest -->
