<?xml version="1.0" encoding="UTF-8"?>
<!-- Generated by org.testng.reporters.JUnitReportReporter -->
<testsuite hostname="Kalyanis-MacBook-Air.local" failures="0" tests="2" name="test.ModalDialogsTest" time="7.605" errors="0" timestamp="2024-04-20T22:46:11 IST" skipped="0">
  <testcase classname="test.ModalDialogsTest" name="verifySmallModalTest" time="3.593"/>
  <system-out/>
  <testcase classname="test.ModalDialogsTest" name="verifyLargeModalTest" time="4.012"/>
  <system-out/>
</testsuite> <!-- test.ModalDialogsTest -->
