<?xml version="1.0" encoding="UTF-8"?>
<!-- Generated by org.testng.reporters.JUnitReportReporter -->
<testsuite hostname="Kalyanis-MacBook-Air.local" failures="0" tests="1" name="test.NestedFramesTest" time="3.953" errors="0" timestamp="2024-04-21T14:21:21 IST" skipped="0">
  <testcase classname="test.NestedFramesTest" name="verifyIFrameTextTest" time="3.953"/>
  <system-out/>
</testsuite> <!-- test.NestedFramesTest -->
