<?xml version="1.0" encoding="UTF-8"?>
<!-- Generated by org.testng.reporters.JUnitReportReporter -->
<testsuite hostname="Kalyanis-MacBook-Air.local" failures="0" tests="2" name="test.LoginTest" time="5.483" errors="0" timestamp="2024-04-20T21:25:39 IST" skipped="0">
  <testcase classname="test.LoginTest" name="verifyNewUserBtnTest" time="2.594"/>
  <system-out/>
  <testcase classname="test.LoginTest" name="LoginTest" time="2.889"/>
  <system-out/>
</testsuite> <!-- test.LoginTest -->
